[2026-02-21T18:03:09.438+0000] {manager.py:483} INFO - Processing files using up to 2 processes at a time 
[2026-02-21T18:03:09.440+0000] {manager.py:484} INFO - Process each file at most once every 30 seconds
[2026-02-21T18:03:09.442+0000] {manager.py:485} INFO - Checking for new files in /opt/airflow/dags every 300 seconds
[2026-02-21T18:03:09.444+0000] {manager.py:821} INFO - Searching for files in /opt/airflow/dags
[2026-02-21T18:03:09.481+0000] {manager.py:824} INFO - There are 1 files in /opt/airflow/dags
[2026-02-21T18:03:09.665+0000] {manager.py:997} INFO - 
================================================================================
DAG File Processing Stats

File Path                                  PID  Runtime      # DAGs    # Errors  Last Runtime    Last Run      Last # of DB Queries
---------------------------------------  -----  ---------  --------  ----------  --------------  ----------  ----------------------
/opt/airflow/dags/stock_pipeline_dag.py    188  0.08s             0           0                                                   0
================================================================================
[2026-02-21T18:03:39.913+0000] {manager.py:997} INFO - 
================================================================================
DAG File Processing Stats

File Path                                PID    Runtime      # DAGs    # Errors  Last Runtime    Last Run               Last # of DB Queries
---------------------------------------  -----  ---------  --------  ----------  --------------  -------------------  ----------------------
/opt/airflow/dags/stock_pipeline_dag.py                           1           0  1.08s           2026-02-21T18:03:10                      45
================================================================================
[2026-02-21T18:04:10.321+0000] {manager.py:997} INFO - 
================================================================================
DAG File Processing Stats

File Path                                PID    Runtime      # DAGs    # Errors  Last Runtime    Last Run               Last # of DB Queries
---------------------------------------  -----  ---------  --------  ----------  --------------  -------------------  ----------------------
/opt/airflow/dags/stock_pipeline_dag.py                           1           0  0.18s           2026-02-21T18:03:41                      12
================================================================================
[2026-02-21T18:04:40.888+0000] {manager.py:997} INFO - 
================================================================================
DAG File Processing Stats

File Path                                PID    Runtime      # DAGs    # Errors  Last Runtime    Last Run               Last # of DB Queries
---------------------------------------  -----  ---------  --------  ----------  --------------  -------------------  ----------------------
/opt/airflow/dags/stock_pipeline_dag.py                           1           0  0.19s           2026-02-21T18:04:11                      12
================================================================================
[2026-02-21T18:05:11.361+0000] {manager.py:997} INFO - 
================================================================================
DAG File Processing Stats

File Path                                PID    Runtime      # DAGs    # Errors  Last Runtime    Last Run               Last # of DB Queries
---------------------------------------  -----  ---------  --------  ----------  --------------  -------------------  ----------------------
/opt/airflow/dags/stock_pipeline_dag.py                           1           0  0.20s           2026-02-21T18:04:42                      12
================================================================================
[2026-02-21T18:05:41.998+0000] {manager.py:997} INFO - 
================================================================================
DAG File Processing Stats

File Path                                PID    Runtime      # DAGs    # Errors  Last Runtime    Last Run               Last # of DB Queries
---------------------------------------  -----  ---------  --------  ----------  --------------  -------------------  ----------------------
/opt/airflow/dags/stock_pipeline_dag.py                           1           0  0.20s           2026-02-21T18:05:12                      12
================================================================================
[2026-02-21T18:06:12.374+0000] {manager.py:997} INFO - 
================================================================================
DAG File Processing Stats

File Path                                PID    Runtime      # DAGs    # Errors  Last Runtime    Last Run               Last # of DB Queries
---------------------------------------  -----  ---------  --------  ----------  --------------  -------------------  ----------------------
/opt/airflow/dags/stock_pipeline_dag.py                           1           0  0.18s           2026-02-21T18:05:43                      12
================================================================================
[2026-02-21T18:06:42.861+0000] {manager.py:997} INFO - 
================================================================================
DAG File Processing Stats

File Path                                PID    Runtime      # DAGs    # Errors  Last Runtime    Last Run               Last # of DB Queries
---------------------------------------  -----  ---------  --------  ----------  --------------  -------------------  ----------------------
/opt/airflow/dags/stock_pipeline_dag.py                           1           0  0.15s           2026-02-21T18:06:13                      12
================================================================================
[2026-02-21T18:07:13.277+0000] {manager.py:997} INFO - 
================================================================================
DAG File Processing Stats

File Path                                PID    Runtime      # DAGs    # Errors  Last Runtime    Last Run               Last # of DB Queries
---------------------------------------  -----  ---------  --------  ----------  --------------  -------------------  ----------------------
/opt/airflow/dags/stock_pipeline_dag.py                           1           0  0.14s           2026-02-21T18:06:44                      12
================================================================================
[2026-02-21T18:07:43.774+0000] {manager.py:997} INFO - 
================================================================================
DAG File Processing Stats

File Path                                PID    Runtime      # DAGs    # Errors  Last Runtime    Last Run               Last # of DB Queries
---------------------------------------  -----  ---------  --------  ----------  --------------  -------------------  ----------------------
/opt/airflow/dags/stock_pipeline_dag.py                           1           0  0.17s           2026-02-21T18:07:14                      12
================================================================================
[2026-02-21T18:08:10.179+0000] {manager.py:821} INFO - Searching for files in /opt/airflow/dags
[2026-02-21T18:08:10.247+0000] {manager.py:824} INFO - There are 1 files in /opt/airflow/dags
[2026-02-21T18:08:14.335+0000] {manager.py:997} INFO - 
================================================================================
DAG File Processing Stats

File Path                                PID    Runtime      # DAGs    # Errors  Last Runtime    Last Run               Last # of DB Queries
---------------------------------------  -----  ---------  --------  ----------  --------------  -------------------  ----------------------
/opt/airflow/dags/stock_pipeline_dag.py                           1           0  0.24s           2026-02-21T18:07:45                      12
================================================================================
[2026-02-21T18:08:40.958+0000] {manager.py:465} INFO - Exiting gracefully upon receiving signal 15
