[2026-02-21T18:06:14.227+0000] {local_task_job_runner.py:123} INFO - ::group::Pre task execution logs
[2026-02-21T18:06:14.243+0000] {taskinstance.py:2613} INFO - Dependencies all met for dep_context=non-requeueable deps ti=<TaskInstance: stock_market_pipeline.dbt_docs_generate manual__2026-02-21T18:04:19.974208+00:00 [queued]>
[2026-02-21T18:06:14.250+0000] {taskinstance.py:2613} INFO - Dependencies all met for dep_context=requeueable deps ti=<TaskInstance: stock_market_pipeline.dbt_docs_generate manual__2026-02-21T18:04:19.974208+00:00 [queued]>
[2026-02-21T18:06:14.253+0000] {taskinstance.py:2866} INFO - Starting attempt 1 of 3
[2026-02-21T18:06:14.263+0000] {taskinstance.py:2889} INFO - Executing <Task(BashOperator): dbt_docs_generate> on 2026-02-21 18:04:19.974208+00:00
[2026-02-21T18:06:14.268+0000] {standard_task_runner.py:72} INFO - Started process 394 to run task
[2026-02-21T18:06:14.271+0000] {standard_task_runner.py:104} INFO - Running: ['***', 'tasks', 'run', 'stock_market_pipeline', 'dbt_docs_generate', 'manual__2026-02-21T18:04:19.974208+00:00', '--job-id', '6', '--raw', '--subdir', 'DAGS_FOLDER/stock_pipeline_dag.py', '--cfg-path', '/tmp/tmpngeko_dp']
[2026-02-21T18:06:14.274+0000] {standard_task_runner.py:105} INFO - Job 6: Subtask dbt_docs_generate
[2026-02-21T18:06:14.341+0000] {task_command.py:467} INFO - Running <TaskInstance: stock_market_pipeline.dbt_docs_generate manual__2026-02-21T18:04:19.974208+00:00 [running]> on host 208fa2070a41
[2026-02-21T18:06:14.412+0000] {taskinstance.py:3132} INFO - Exporting env vars: AIRFLOW_CTX_DAG_OWNER='data-engineering' AIRFLOW_CTX_DAG_ID='stock_market_pipeline' AIRFLOW_CTX_TASK_ID='dbt_docs_generate' AIRFLOW_CTX_EXECUTION_DATE='2026-02-21T18:04:19.974208+00:00' AIRFLOW_CTX_TRY_NUMBER='1' AIRFLOW_CTX_DAG_RUN_ID='manual__2026-02-21T18:04:19.974208+00:00'
[2026-02-21T18:06:14.414+0000] {taskinstance.py:731} INFO - ::endgroup::
[2026-02-21T18:06:14.428+0000] {subprocess.py:78} INFO - Tmp dir root location: /tmp
[2026-02-21T18:06:14.431+0000] {subprocess.py:88} INFO - Running command: ['/usr/bin/bash', '-c', 'cd /opt/***/dbt_project &&dbt docs generate --profiles-dir /opt/***/dbt_project']
[2026-02-21T18:06:14.441+0000] {subprocess.py:99} INFO - Output:
[2026-02-21T18:06:16.016+0000] {subprocess.py:106} INFO - [0m18:06:16  Running with dbt=1.11.6
[2026-02-21T18:06:16.858+0000] {subprocess.py:106} INFO - [0m18:06:16  Registered adapter: snowflake=1.11.2
[2026-02-21T18:06:18.202+0000] {subprocess.py:106} INFO - [0m18:06:18  Found 7 models, 1 seed, 12 data tests, 1 source, 638 macros
[2026-02-21T18:06:18.220+0000] {subprocess.py:106} INFO - [0m18:06:18
[2026-02-21T18:06:18.224+0000] {subprocess.py:106} INFO - [0m18:06:18  Concurrency: 4 threads (target='dev')
[2026-02-21T18:06:18.228+0000] {subprocess.py:106} INFO - [0m18:06:18
[2026-02-21T18:06:26.683+0000] {subprocess.py:106} INFO - [0m18:06:26  Building catalog
[2026-02-21T18:06:31.253+0000] {subprocess.py:106} INFO - [0m18:06:31  Catalog written to /opt/***/dbt_project/target/catalog.json
[2026-02-21T18:06:32.009+0000] {subprocess.py:110} INFO - Command exited with return code 0
[2026-02-21T18:06:32.039+0000] {taskinstance.py:340} INFO - ::group::Post task execution logs
[2026-02-21T18:06:32.040+0000] {taskinstance.py:352} INFO - Marking task as SUCCESS. dag_id=stock_market_pipeline, task_id=dbt_docs_generate, run_id=manual__2026-02-21T18:04:19.974208+00:00, execution_date=20260221T180419, start_date=20260221T180614, end_date=20260221T180632
[2026-02-21T18:06:32.087+0000] {local_task_job_runner.py:266} INFO - Task exited with return code 0
[2026-02-21T18:06:32.102+0000] {taskinstance.py:3895} INFO - 0 downstream tasks scheduled from follow-on schedule check
[2026-02-21T18:06:32.106+0000] {local_task_job_runner.py:245} INFO - ::endgroup::
