[2026-02-21T18:03:09.658+0000] {processor.py:186} INFO - Started process (PID=188) to work on /opt/airflow/dags/stock_pipeline_dag.py
[2026-02-21T18:03:09.668+0000] {processor.py:914} INFO - Processing file /opt/airflow/dags/stock_pipeline_dag.py for tasks to queue
[2026-02-21T18:03:09.673+0000] {logging_mixin.py:190} INFO - [2026-02-21T18:03:09.673+0000] {dagbag.py:588} INFO - Filling up the DagBag from /opt/airflow/dags/stock_pipeline_dag.py
[2026-02-21T18:03:09.819+0000] {processor.py:925} INFO - DAG(s) 'stock_market_pipeline' retrieved from /opt/airflow/dags/stock_pipeline_dag.py
[2026-02-21T18:03:10.348+0000] {logging_mixin.py:190} INFO - [2026-02-21T18:03:10.348+0000] {override.py:1911} INFO - Created Permission View: can edit on DAG:stock_market_pipeline
[2026-02-21T18:03:10.384+0000] {logging_mixin.py:190} INFO - [2026-02-21T18:03:10.383+0000] {override.py:1911} INFO - Created Permission View: can delete on DAG:stock_market_pipeline
[2026-02-21T18:03:10.401+0000] {logging_mixin.py:190} INFO - [2026-02-21T18:03:10.401+0000] {override.py:1911} INFO - Created Permission View: can read on DAG:stock_market_pipeline
[2026-02-21T18:03:10.456+0000] {logging_mixin.py:190} INFO - [2026-02-21T18:03:10.456+0000] {override.py:1911} INFO - Created Permission View: menu access on DAG Run:stock_market_pipeline
[2026-02-21T18:03:10.487+0000] {logging_mixin.py:190} INFO - [2026-02-21T18:03:10.486+0000] {override.py:1911} INFO - Created Permission View: can delete on DAG Run:stock_market_pipeline
[2026-02-21T18:03:10.500+0000] {logging_mixin.py:190} INFO - [2026-02-21T18:03:10.499+0000] {override.py:1911} INFO - Created Permission View: can create on DAG Run:stock_market_pipeline
[2026-02-21T18:03:10.515+0000] {logging_mixin.py:190} INFO - [2026-02-21T18:03:10.514+0000] {override.py:1911} INFO - Created Permission View: can read on DAG Run:stock_market_pipeline
[2026-02-21T18:03:10.517+0000] {logging_mixin.py:190} INFO - [2026-02-21T18:03:10.516+0000] {dag.py:3239} INFO - Sync 1 DAGs
[2026-02-21T18:03:10.561+0000] {logging_mixin.py:190} INFO - [2026-02-21T18:03:10.561+0000] {dag.py:3262} INFO - Creating ORM DAG for stock_market_pipeline
[2026-02-21T18:03:10.594+0000] {logging_mixin.py:190} INFO - [2026-02-21T18:03:10.594+0000] {dag.py:4180} INFO - Setting next_dagrun for stock_market_pipeline to 2026-02-19 19:00:00+00:00, run_after=2026-02-20 19:00:00+00:00
[2026-02-21T18:03:10.637+0000] {processor.py:208} INFO - Processing /opt/airflow/dags/stock_pipeline_dag.py took 0.992 seconds
[2026-02-21T18:03:40.999+0000] {processor.py:186} INFO - Started process (PID=219) to work on /opt/airflow/dags/stock_pipeline_dag.py
[2026-02-21T18:03:41.000+0000] {processor.py:914} INFO - Processing file /opt/airflow/dags/stock_pipeline_dag.py for tasks to queue
[2026-02-21T18:03:41.004+0000] {logging_mixin.py:190} INFO - [2026-02-21T18:03:41.004+0000] {dagbag.py:588} INFO - Filling up the DagBag from /opt/airflow/dags/stock_pipeline_dag.py
[2026-02-21T18:03:41.050+0000] {processor.py:925} INFO - DAG(s) 'stock_market_pipeline' retrieved from /opt/airflow/dags/stock_pipeline_dag.py
[2026-02-21T18:03:41.082+0000] {logging_mixin.py:190} INFO - [2026-02-21T18:03:41.081+0000] {dag.py:3239} INFO - Sync 1 DAGs
[2026-02-21T18:03:41.110+0000] {logging_mixin.py:190} INFO - [2026-02-21T18:03:41.109+0000] {dag.py:4180} INFO - Setting next_dagrun for stock_market_pipeline to 2026-02-20 19:00:00+00:00, run_after=2026-02-23 19:00:00+00:00
[2026-02-21T18:03:41.129+0000] {processor.py:208} INFO - Processing /opt/airflow/dags/stock_pipeline_dag.py took 0.139 seconds
[2026-02-21T18:04:11.401+0000] {processor.py:186} INFO - Started process (PID=233) to work on /opt/airflow/dags/stock_pipeline_dag.py
[2026-02-21T18:04:11.404+0000] {processor.py:914} INFO - Processing file /opt/airflow/dags/stock_pipeline_dag.py for tasks to queue
[2026-02-21T18:04:11.411+0000] {logging_mixin.py:190} INFO - [2026-02-21T18:04:11.410+0000] {dagbag.py:588} INFO - Filling up the DagBag from /opt/airflow/dags/stock_pipeline_dag.py
[2026-02-21T18:04:11.469+0000] {processor.py:925} INFO - DAG(s) 'stock_market_pipeline' retrieved from /opt/airflow/dags/stock_pipeline_dag.py
[2026-02-21T18:04:11.501+0000] {logging_mixin.py:190} INFO - [2026-02-21T18:04:11.501+0000] {dag.py:3239} INFO - Sync 1 DAGs
[2026-02-21T18:04:11.522+0000] {logging_mixin.py:190} INFO - [2026-02-21T18:04:11.522+0000] {dag.py:4180} INFO - Setting next_dagrun for stock_market_pipeline to 2026-02-20 19:00:00+00:00, run_after=2026-02-23 19:00:00+00:00
[2026-02-21T18:04:11.541+0000] {processor.py:208} INFO - Processing /opt/airflow/dags/stock_pipeline_dag.py took 0.153 seconds
[2026-02-21T18:04:42.004+0000] {processor.py:186} INFO - Started process (PID=272) to work on /opt/airflow/dags/stock_pipeline_dag.py
[2026-02-21T18:04:42.006+0000] {processor.py:914} INFO - Processing file /opt/airflow/dags/stock_pipeline_dag.py for tasks to queue
[2026-02-21T18:04:42.009+0000] {logging_mixin.py:190} INFO - [2026-02-21T18:04:42.009+0000] {dagbag.py:588} INFO - Filling up the DagBag from /opt/airflow/dags/stock_pipeline_dag.py
[2026-02-21T18:04:42.062+0000] {processor.py:925} INFO - DAG(s) 'stock_market_pipeline' retrieved from /opt/airflow/dags/stock_pipeline_dag.py
[2026-02-21T18:04:42.088+0000] {logging_mixin.py:190} INFO - [2026-02-21T18:04:42.088+0000] {dag.py:3239} INFO - Sync 1 DAGs
[2026-02-21T18:04:42.106+0000] {logging_mixin.py:190} INFO - [2026-02-21T18:04:42.106+0000] {dag.py:4180} INFO - Setting next_dagrun for stock_market_pipeline to 2026-02-20 19:00:00+00:00, run_after=2026-02-23 19:00:00+00:00
[2026-02-21T18:04:42.127+0000] {processor.py:208} INFO - Processing /opt/airflow/dags/stock_pipeline_dag.py took 0.130 seconds
[2026-02-21T18:05:12.454+0000] {processor.py:186} INFO - Started process (PID=286) to work on /opt/airflow/dags/stock_pipeline_dag.py
[2026-02-21T18:05:12.456+0000] {processor.py:914} INFO - Processing file /opt/airflow/dags/stock_pipeline_dag.py for tasks to queue
[2026-02-21T18:05:12.460+0000] {logging_mixin.py:190} INFO - [2026-02-21T18:05:12.459+0000] {dagbag.py:588} INFO - Filling up the DagBag from /opt/airflow/dags/stock_pipeline_dag.py
[2026-02-21T18:05:12.516+0000] {processor.py:925} INFO - DAG(s) 'stock_market_pipeline' retrieved from /opt/airflow/dags/stock_pipeline_dag.py
[2026-02-21T18:05:12.554+0000] {logging_mixin.py:190} INFO - [2026-02-21T18:05:12.554+0000] {dag.py:3239} INFO - Sync 1 DAGs
[2026-02-21T18:05:12.573+0000] {logging_mixin.py:190} INFO - [2026-02-21T18:05:12.572+0000] {dag.py:4180} INFO - Setting next_dagrun for stock_market_pipeline to 2026-02-20 19:00:00+00:00, run_after=2026-02-23 19:00:00+00:00
[2026-02-21T18:05:12.594+0000] {processor.py:208} INFO - Processing /opt/airflow/dags/stock_pipeline_dag.py took 0.149 seconds
[2026-02-21T18:05:43.087+0000] {processor.py:186} INFO - Started process (PID=300) to work on /opt/airflow/dags/stock_pipeline_dag.py
[2026-02-21T18:05:43.089+0000] {processor.py:914} INFO - Processing file /opt/airflow/dags/stock_pipeline_dag.py for tasks to queue
[2026-02-21T18:05:43.092+0000] {logging_mixin.py:190} INFO - [2026-02-21T18:05:43.092+0000] {dagbag.py:588} INFO - Filling up the DagBag from /opt/airflow/dags/stock_pipeline_dag.py
[2026-02-21T18:05:43.144+0000] {processor.py:925} INFO - DAG(s) 'stock_market_pipeline' retrieved from /opt/airflow/dags/stock_pipeline_dag.py
[2026-02-21T18:05:43.168+0000] {logging_mixin.py:190} INFO - [2026-02-21T18:05:43.167+0000] {dag.py:3239} INFO - Sync 1 DAGs
[2026-02-21T18:05:43.186+0000] {logging_mixin.py:190} INFO - [2026-02-21T18:05:43.186+0000] {dag.py:4180} INFO - Setting next_dagrun for stock_market_pipeline to 2026-02-20 19:00:00+00:00, run_after=2026-02-23 19:00:00+00:00
[2026-02-21T18:05:43.211+0000] {processor.py:208} INFO - Processing /opt/airflow/dags/stock_pipeline_dag.py took 0.132 seconds
[2026-02-21T18:06:13.433+0000] {processor.py:186} INFO - Started process (PID=388) to work on /opt/airflow/dags/stock_pipeline_dag.py
[2026-02-21T18:06:13.435+0000] {processor.py:914} INFO - Processing file /opt/airflow/dags/stock_pipeline_dag.py for tasks to queue
[2026-02-21T18:06:13.439+0000] {logging_mixin.py:190} INFO - [2026-02-21T18:06:13.438+0000] {dagbag.py:588} INFO - Filling up the DagBag from /opt/airflow/dags/stock_pipeline_dag.py
[2026-02-21T18:06:13.472+0000] {processor.py:925} INFO - DAG(s) 'stock_market_pipeline' retrieved from /opt/airflow/dags/stock_pipeline_dag.py
[2026-02-21T18:06:13.498+0000] {logging_mixin.py:190} INFO - [2026-02-21T18:06:13.498+0000] {dag.py:3239} INFO - Sync 1 DAGs
[2026-02-21T18:06:13.519+0000] {logging_mixin.py:190} INFO - [2026-02-21T18:06:13.519+0000] {dag.py:4180} INFO - Setting next_dagrun for stock_market_pipeline to 2026-02-20 19:00:00+00:00, run_after=2026-02-23 19:00:00+00:00
[2026-02-21T18:06:13.538+0000] {processor.py:208} INFO - Processing /opt/airflow/dags/stock_pipeline_dag.py took 0.111 seconds
[2026-02-21T18:06:43.911+0000] {processor.py:186} INFO - Started process (PID=433) to work on /opt/airflow/dags/stock_pipeline_dag.py
[2026-02-21T18:06:43.912+0000] {processor.py:914} INFO - Processing file /opt/airflow/dags/stock_pipeline_dag.py for tasks to queue
[2026-02-21T18:06:43.914+0000] {logging_mixin.py:190} INFO - [2026-02-21T18:06:43.914+0000] {dagbag.py:588} INFO - Filling up the DagBag from /opt/airflow/dags/stock_pipeline_dag.py
[2026-02-21T18:06:43.946+0000] {processor.py:925} INFO - DAG(s) 'stock_market_pipeline' retrieved from /opt/airflow/dags/stock_pipeline_dag.py
[2026-02-21T18:06:43.971+0000] {logging_mixin.py:190} INFO - [2026-02-21T18:06:43.971+0000] {dag.py:3239} INFO - Sync 1 DAGs
[2026-02-21T18:06:43.994+0000] {logging_mixin.py:190} INFO - [2026-02-21T18:06:43.994+0000] {dag.py:4180} INFO - Setting next_dagrun for stock_market_pipeline to 2026-02-20 19:00:00+00:00, run_after=2026-02-23 19:00:00+00:00
[2026-02-21T18:06:44.013+0000] {processor.py:208} INFO - Processing /opt/airflow/dags/stock_pipeline_dag.py took 0.107 seconds
[2026-02-21T18:07:14.349+0000] {processor.py:186} INFO - Started process (PID=447) to work on /opt/airflow/dags/stock_pipeline_dag.py
[2026-02-21T18:07:14.350+0000] {processor.py:914} INFO - Processing file /opt/airflow/dags/stock_pipeline_dag.py for tasks to queue
[2026-02-21T18:07:14.353+0000] {logging_mixin.py:190} INFO - [2026-02-21T18:07:14.353+0000] {dagbag.py:588} INFO - Filling up the DagBag from /opt/airflow/dags/stock_pipeline_dag.py
[2026-02-21T18:07:14.390+0000] {processor.py:925} INFO - DAG(s) 'stock_market_pipeline' retrieved from /opt/airflow/dags/stock_pipeline_dag.py
[2026-02-21T18:07:14.425+0000] {logging_mixin.py:190} INFO - [2026-02-21T18:07:14.425+0000] {dag.py:3239} INFO - Sync 1 DAGs
[2026-02-21T18:07:14.452+0000] {logging_mixin.py:190} INFO - [2026-02-21T18:07:14.452+0000] {dag.py:4180} INFO - Setting next_dagrun for stock_market_pipeline to 2026-02-20 19:00:00+00:00, run_after=2026-02-23 19:00:00+00:00
[2026-02-21T18:07:14.469+0000] {processor.py:208} INFO - Processing /opt/airflow/dags/stock_pipeline_dag.py took 0.129 seconds
[2026-02-21T18:07:44.888+0000] {processor.py:186} INFO - Started process (PID=461) to work on /opt/airflow/dags/stock_pipeline_dag.py
[2026-02-21T18:07:44.890+0000] {processor.py:914} INFO - Processing file /opt/airflow/dags/stock_pipeline_dag.py for tasks to queue
[2026-02-21T18:07:44.897+0000] {logging_mixin.py:190} INFO - [2026-02-21T18:07:44.896+0000] {dagbag.py:588} INFO - Filling up the DagBag from /opt/airflow/dags/stock_pipeline_dag.py
[2026-02-21T18:07:44.956+0000] {processor.py:925} INFO - DAG(s) 'stock_market_pipeline' retrieved from /opt/airflow/dags/stock_pipeline_dag.py
[2026-02-21T18:07:44.987+0000] {logging_mixin.py:190} INFO - [2026-02-21T18:07:44.987+0000] {dag.py:3239} INFO - Sync 1 DAGs
[2026-02-21T18:07:45.010+0000] {logging_mixin.py:190} INFO - [2026-02-21T18:07:45.010+0000] {dag.py:4180} INFO - Setting next_dagrun for stock_market_pipeline to 2026-02-20 19:00:00+00:00, run_after=2026-02-23 19:00:00+00:00
[2026-02-21T18:07:45.039+0000] {processor.py:208} INFO - Processing /opt/airflow/dags/stock_pipeline_dag.py took 0.165 seconds
[2026-02-21T18:08:15.449+0000] {processor.py:186} INFO - Started process (PID=476) to work on /opt/airflow/dags/stock_pipeline_dag.py
[2026-02-21T18:08:15.451+0000] {processor.py:914} INFO - Processing file /opt/airflow/dags/stock_pipeline_dag.py for tasks to queue
[2026-02-21T18:08:15.454+0000] {logging_mixin.py:190} INFO - [2026-02-21T18:08:15.454+0000] {dagbag.py:588} INFO - Filling up the DagBag from /opt/airflow/dags/stock_pipeline_dag.py
[2026-02-21T18:08:15.493+0000] {processor.py:925} INFO - DAG(s) 'stock_market_pipeline' retrieved from /opt/airflow/dags/stock_pipeline_dag.py
[2026-02-21T18:08:15.521+0000] {logging_mixin.py:190} INFO - [2026-02-21T18:08:15.521+0000] {dag.py:3239} INFO - Sync 1 DAGs
[2026-02-21T18:08:15.543+0000] {logging_mixin.py:190} INFO - [2026-02-21T18:08:15.543+0000] {dag.py:4180} INFO - Setting next_dagrun for stock_market_pipeline to 2026-02-20 19:00:00+00:00, run_after=2026-02-23 19:00:00+00:00
[2026-02-21T18:08:15.564+0000] {processor.py:208} INFO - Processing /opt/airflow/dags/stock_pipeline_dag.py took 0.121 seconds
