[2026-02-21T18:05:46.022+0000] {local_task_job_runner.py:123} INFO - ::group::Pre task execution logs
[2026-02-21T18:05:46.036+0000] {taskinstance.py:2613} INFO - Dependencies all met for dep_context=non-requeueable deps ti=<TaskInstance: stock_market_pipeline.dbt_run manual__2026-02-21T18:04:19.974208+00:00 [queued]>
[2026-02-21T18:05:46.043+0000] {taskinstance.py:2613} INFO - Dependencies all met for dep_context=requeueable deps ti=<TaskInstance: stock_market_pipeline.dbt_run manual__2026-02-21T18:04:19.974208+00:00 [queued]>
[2026-02-21T18:05:46.045+0000] {taskinstance.py:2866} INFO - Starting attempt 1 of 3
[2026-02-21T18:05:46.057+0000] {taskinstance.py:2889} INFO - Executing <Task(BashOperator): dbt_run> on 2026-02-21 18:04:19.974208+00:00
[2026-02-21T18:05:46.062+0000] {standard_task_runner.py:72} INFO - Started process 306 to run task
[2026-02-21T18:05:46.065+0000] {standard_task_runner.py:104} INFO - Running: ['***', 'tasks', 'run', 'stock_market_pipeline', 'dbt_run', 'manual__2026-02-21T18:04:19.974208+00:00', '--job-id', '4', '--raw', '--subdir', 'DAGS_FOLDER/stock_pipeline_dag.py', '--cfg-path', '/tmp/tmpqh3uk0mg']
[2026-02-21T18:05:46.070+0000] {standard_task_runner.py:105} INFO - Job 4: Subtask dbt_run
[2026-02-21T18:05:46.138+0000] {task_command.py:467} INFO - Running <TaskInstance: stock_market_pipeline.dbt_run manual__2026-02-21T18:04:19.974208+00:00 [running]> on host 208fa2070a41
[2026-02-21T18:05:46.229+0000] {taskinstance.py:3132} INFO - Exporting env vars: AIRFLOW_CTX_DAG_OWNER='data-engineering' AIRFLOW_CTX_DAG_ID='stock_market_pipeline' AIRFLOW_CTX_TASK_ID='dbt_run' AIRFLOW_CTX_EXECUTION_DATE='2026-02-21T18:04:19.974208+00:00' AIRFLOW_CTX_TRY_NUMBER='1' AIRFLOW_CTX_DAG_RUN_ID='manual__2026-02-21T18:04:19.974208+00:00'
[2026-02-21T18:05:46.231+0000] {taskinstance.py:731} INFO - ::endgroup::
[2026-02-21T18:05:46.260+0000] {subprocess.py:78} INFO - Tmp dir root location: /tmp
[2026-02-21T18:05:46.262+0000] {subprocess.py:88} INFO - Running command: ['/usr/bin/bash', '-c', 'cd /opt/***/dbt_project &&dbt run --profiles-dir /opt/***/dbt_project']
[2026-02-21T18:05:46.272+0000] {subprocess.py:99} INFO - Output:
[2026-02-21T18:05:48.060+0000] {subprocess.py:106} INFO - [0m18:05:48  Running with dbt=1.11.6
[2026-02-21T18:05:48.832+0000] {subprocess.py:106} INFO - [0m18:05:48  Registered adapter: snowflake=1.11.2
[2026-02-21T18:05:49.141+0000] {subprocess.py:106} INFO - [0m18:05:49  Unable to do partial parsing because of a version mismatch
[2026-02-21T18:05:52.902+0000] {subprocess.py:106} INFO - [0m18:05:52  [[33mWARNING[0m][MissingArgumentsPropertyInGenericTestDeprecation]: Deprecated
[2026-02-21T18:05:52.904+0000] {subprocess.py:106} INFO - functionality
[2026-02-21T18:05:52.905+0000] {subprocess.py:106} INFO - Found top-level arguments to test `relationships` defined on 'fact_daily_prices'
[2026-02-21T18:05:52.907+0000] {subprocess.py:106} INFO - in package 'stock_analytics' (models/marts/_marts__models.yml). Arguments to
[2026-02-21T18:05:52.908+0000] {subprocess.py:106} INFO - generic tests should be nested under the `arguments` property.
[2026-02-21T18:05:53.440+0000] {subprocess.py:106} INFO - [0m18:05:53  Found 7 models, 1 seed, 12 data tests, 1 source, 638 macros
[2026-02-21T18:05:53.453+0000] {subprocess.py:106} INFO - [0m18:05:53
[2026-02-21T18:05:53.457+0000] {subprocess.py:106} INFO - [0m18:05:53  Concurrency: 4 threads (target='dev')
[2026-02-21T18:05:53.461+0000] {subprocess.py:106} INFO - [0m18:05:53
[2026-02-21T18:05:55.214+0000] {subprocess.py:106} INFO - [0m18:05:55  1 of 7 START sql table model STAGING_marts.dim_company ......................... [RUN]
[2026-02-21T18:05:55.216+0000] {subprocess.py:106} INFO - [0m18:05:55  2 of 7 START sql view model STAGING_staging.stg_daily_prices ................... [RUN]
[2026-02-21T18:05:55.771+0000] {subprocess.py:106} INFO - [0m18:05:55  2 of 7 OK created sql view model STAGING_staging.stg_daily_prices .............. [[32mSUCCESS 1[0m in 0.55s]
[2026-02-21T18:05:55.779+0000] {subprocess.py:106} INFO - [0m18:05:55  3 of 7 START sql table model STAGING_marts.dim_date ............................ [RUN]
[2026-02-21T18:05:56.498+0000] {subprocess.py:106} INFO - [0m18:05:56  1 of 7 OK created sql table model STAGING_marts.dim_company .................... [[32mSUCCESS 5[0m in 1.28s]
[2026-02-21T18:05:57.952+0000] {subprocess.py:106} INFO - [0m18:05:57  3 of 7 OK created sql table model STAGING_marts.dim_date ....................... [[32mSUCCESS 1[0m in 2.16s]
[2026-02-21T18:05:57.967+0000] {subprocess.py:106} INFO - [0m18:05:57  4 of 7 START sql incremental model STAGING_marts.fact_daily_prices ............. [RUN]
[2026-02-21T18:06:00.997+0000] {subprocess.py:106} INFO - [0m18:06:00  4 of 7 OK created sql incremental model STAGING_marts.fact_daily_prices ........ [[32mSUCCESS 5[0m in 3.02s]
[2026-02-21T18:06:01.014+0000] {subprocess.py:106} INFO - [0m18:06:01  5 of 7 START sql table model STAGING_marts.analytics_moving_averages ........... [RUN]
[2026-02-21T18:06:01.016+0000] {subprocess.py:106} INFO - [0m18:06:01  6 of 7 START sql table model STAGING_marts.analytics_sector_performance ........ [RUN]
[2026-02-21T18:06:01.019+0000] {subprocess.py:106} INFO - [0m18:06:01  7 of 7 START sql table model STAGING_marts.analytics_volatility ................ [RUN]
[2026-02-21T18:06:02.041+0000] {subprocess.py:106} INFO - [0m18:06:02  7 of 7 OK created sql table model STAGING_marts.analytics_volatility ........... [[32mSUCCESS 15[0m in 1.00s]
[2026-02-21T18:06:02.433+0000] {subprocess.py:106} INFO - [0m18:06:02  5 of 7 OK created sql table model STAGING_marts.analytics_moving_averages ...... [[32mSUCCESS 15[0m in 1.41s]
[2026-02-21T18:06:02.622+0000] {subprocess.py:106} INFO - [0m18:06:02  6 of 7 OK created sql table model STAGING_marts.analytics_sector_performance ... [[32mSUCCESS 15[0m in 1.59s]
[2026-02-21T18:06:03.215+0000] {subprocess.py:106} INFO - [0m18:06:03
[2026-02-21T18:06:03.223+0000] {subprocess.py:106} INFO - [0m18:06:03  Finished running 1 incremental model, 5 table models, 1 view model in 0 hours 0 minutes and 9.75 seconds (9.75s).
[2026-02-21T18:06:03.385+0000] {subprocess.py:106} INFO - [0m18:06:03
[2026-02-21T18:06:03.389+0000] {subprocess.py:106} INFO - [0m18:06:03  [32mCompleted successfully[0m
[2026-02-21T18:06:03.393+0000] {subprocess.py:106} INFO - [0m18:06:03
[2026-02-21T18:06:03.398+0000] {subprocess.py:106} INFO - [0m18:06:03  Done. PASS=7 WARN=0 ERROR=0 SKIP=0 NO-OP=0 TOTAL=7
[2026-02-21T18:06:03.401+0000] {subprocess.py:106} INFO - [0m18:06:03  [[33mWARNING[0m][DeprecationsSummary]: Deprecated functionality
[2026-02-21T18:06:03.404+0000] {subprocess.py:106} INFO - Summary of encountered deprecations:
[2026-02-21T18:06:03.407+0000] {subprocess.py:106} INFO - - MissingArgumentsPropertyInGenericTestDeprecation: 2 occurrences
[2026-02-21T18:06:03.410+0000] {subprocess.py:106} INFO - To see all deprecation instances instead of just the first occurrence of each,
[2026-02-21T18:06:03.413+0000] {subprocess.py:106} INFO - run command again with the `--show-all-deprecations` flag. You may also need to
[2026-02-21T18:06:03.415+0000] {subprocess.py:106} INFO - run with `--no-partial-parse` as some deprecations are only encountered during
[2026-02-21T18:06:03.418+0000] {subprocess.py:106} INFO - parsing.
[2026-02-21T18:06:04.266+0000] {subprocess.py:110} INFO - Command exited with return code 0
[2026-02-21T18:06:04.289+0000] {taskinstance.py:340} INFO - ::group::Post task execution logs
[2026-02-21T18:06:04.290+0000] {taskinstance.py:352} INFO - Marking task as SUCCESS. dag_id=stock_market_pipeline, task_id=dbt_run, run_id=manual__2026-02-21T18:04:19.974208+00:00, execution_date=20260221T180419, start_date=20260221T180546, end_date=20260221T180604
[2026-02-21T18:06:04.335+0000] {local_task_job_runner.py:266} INFO - Task exited with return code 0
[2026-02-21T18:06:04.373+0000] {taskinstance.py:3895} INFO - 1 downstream tasks scheduled from follow-on schedule check
[2026-02-21T18:06:04.379+0000] {local_task_job_runner.py:245} INFO - ::endgroup::
