[2026-02-21T18:04:20.527+0000] {local_task_job_runner.py:123} INFO - ::group::Pre task execution logs
[2026-02-21T18:04:20.544+0000] {taskinstance.py:2613} INFO - Dependencies all met for dep_context=non-requeueable deps ti=<TaskInstance: stock_market_pipeline.ingest_stock_data manual__2026-02-21T18:04:19.974208+00:00 [queued]>
[2026-02-21T18:04:20.552+0000] {taskinstance.py:2613} INFO - Dependencies all met for dep_context=requeueable deps ti=<TaskInstance: stock_market_pipeline.ingest_stock_data manual__2026-02-21T18:04:19.974208+00:00 [queued]>
[2026-02-21T18:04:20.553+0000] {taskinstance.py:2866} INFO - Starting attempt 1 of 3
[2026-02-21T18:04:20.566+0000] {taskinstance.py:2889} INFO - Executing <Task(BashOperator): ingest_stock_data> on 2026-02-21 18:04:19.974208+00:00
[2026-02-21T18:04:20.572+0000] {standard_task_runner.py:72} INFO - Started process 248 to run task
[2026-02-21T18:04:20.577+0000] {standard_task_runner.py:104} INFO - Running: ['***', 'tasks', 'run', 'stock_market_pipeline', 'ingest_stock_data', 'manual__2026-02-21T18:04:19.974208+00:00', '--job-id', '3', '--raw', '--subdir', 'DAGS_FOLDER/stock_pipeline_dag.py', '--cfg-path', '/tmp/tmp1a78spjv']
[2026-02-21T18:04:20.582+0000] {standard_task_runner.py:105} INFO - Job 3: Subtask ingest_stock_data
[2026-02-21T18:04:20.664+0000] {task_command.py:467} INFO - Running <TaskInstance: stock_market_pipeline.ingest_stock_data manual__2026-02-21T18:04:19.974208+00:00 [running]> on host 208fa2070a41
[2026-02-21T18:04:20.737+0000] {taskinstance.py:3132} INFO - Exporting env vars: AIRFLOW_CTX_DAG_OWNER='data-engineering' AIRFLOW_CTX_DAG_ID='stock_market_pipeline' AIRFLOW_CTX_TASK_ID='ingest_stock_data' AIRFLOW_CTX_EXECUTION_DATE='2026-02-21T18:04:19.974208+00:00' AIRFLOW_CTX_TRY_NUMBER='1' AIRFLOW_CTX_DAG_RUN_ID='manual__2026-02-21T18:04:19.974208+00:00'
[2026-02-21T18:04:20.739+0000] {taskinstance.py:731} INFO - ::endgroup::
[2026-02-21T18:04:20.752+0000] {subprocess.py:78} INFO - Tmp dir root location: /tmp
[2026-02-21T18:04:20.755+0000] {subprocess.py:88} INFO - Running command: ['/usr/bin/bash', '-c', 'cd /opt/***/ingest &&python ingest.py']
[2026-02-21T18:04:20.764+0000] {subprocess.py:99} INFO - Output:
[2026-02-21T18:04:21.989+0000] {subprocess.py:106} INFO - 2026-02-21 18:04:21 | INFO    | ==========
[2026-02-21T18:04:21.991+0000] {subprocess.py:106} INFO - 2026-02-21 18:04:21 | INFO    | Started ingestion pipeline | 5 stocks | mode=compact
[2026-02-21T18:04:21.994+0000] {subprocess.py:106} INFO - 2026-02-21 18:04:21 | INFO    | Snowflake Connector for Python Version: 4.3.0, Python Version: 3.11.11, Platform: Linux-6.6.87.2-microsoft-standard-WSL2-x86_64-with-glibc2.36
[2026-02-21T18:04:21.996+0000] {subprocess.py:106} INFO - 2026-02-21 18:04:21 | INFO    | Connecting to GLOBAL Snowflake domain
[2026-02-21T18:04:22.699+0000] {subprocess.py:106} INFO - 2026-02-21 18:04:22 | INFO    | Processing AAPL (Apple Inc.)..
[2026-02-21T18:04:22.905+0000] {subprocess.py:106} INFO - 2026-02-21 18:04:22 | INFO    | API response keys for AAPL: ['Meta Data', 'Time Series (Daily)']
[2026-02-21T18:04:22.911+0000] {subprocess.py:106} INFO - 2026-02-21 18:04:22 | INFO    | Fetched 100 daily records for AAPL
[2026-02-21T18:04:23.502+0000] {subprocess.py:106} INFO - 2026-02-21 18:04:23 | INFO    | loaded AAPL into Snowflake RAW layer
[2026-02-21T18:04:38.500+0000] {subprocess.py:106} INFO - 2026-02-21 18:04:38 | INFO    | Processing JPM (JPMorgan Chase & Co.)..
[2026-02-21T18:04:38.694+0000] {subprocess.py:106} INFO - 2026-02-21 18:04:38 | INFO    | API response keys for JPM: ['Meta Data', 'Time Series (Daily)']
[2026-02-21T18:04:38.703+0000] {subprocess.py:106} INFO - 2026-02-21 18:04:38 | INFO    | Fetched 100 daily records for JPM
[2026-02-21T18:04:39.868+0000] {subprocess.py:106} INFO - 2026-02-21 18:04:39 | INFO    | loaded JPM into Snowflake RAW layer
[2026-02-21T18:04:54.869+0000] {subprocess.py:106} INFO - 2026-02-21 18:04:54 | INFO    | Processing JNJ (Johnson & johnson)..
[2026-02-21T18:04:55.076+0000] {subprocess.py:106} INFO - 2026-02-21 18:04:55 | INFO    | API response keys for JNJ: ['Meta Data', 'Time Series (Daily)']
[2026-02-21T18:04:55.084+0000] {subprocess.py:106} INFO - 2026-02-21 18:04:55 | INFO    | Fetched 100 daily records for JNJ
[2026-02-21T18:04:55.733+0000] {subprocess.py:106} INFO - 2026-02-21 18:04:55 | INFO    | loaded JNJ into Snowflake RAW layer
[2026-02-21T18:05:10.732+0000] {subprocess.py:106} INFO - 2026-02-21 18:05:10 | INFO    | Processing XOM (ExxonMobil Corp)..
[2026-02-21T18:05:10.949+0000] {subprocess.py:106} INFO - 2026-02-21 18:05:10 | INFO    | API response keys for XOM: ['Meta Data', 'Time Series (Daily)']
[2026-02-21T18:05:10.956+0000] {subprocess.py:106} INFO - 2026-02-21 18:05:10 | INFO    | Fetched 100 daily records for XOM
[2026-02-21T18:05:11.807+0000] {subprocess.py:106} INFO - 2026-02-21 18:05:11 | INFO    | loaded XOM into Snowflake RAW layer
[2026-02-21T18:05:26.807+0000] {subprocess.py:106} INFO - 2026-02-21 18:05:26 | INFO    | Processing PG (Procter & Gamble Co.)..
[2026-02-21T18:05:27.030+0000] {subprocess.py:106} INFO - 2026-02-21 18:05:27 | INFO    | API response keys for PG: ['Meta Data', 'Time Series (Daily)']
[2026-02-21T18:05:27.035+0000] {subprocess.py:106} INFO - 2026-02-21 18:05:27 | INFO    | Fetched 100 daily records for PG
[2026-02-21T18:05:28.174+0000] {subprocess.py:106} INFO - 2026-02-21 18:05:28 | INFO    | loaded PG into Snowflake RAW layer
[2026-02-21T18:05:44.711+0000] {subprocess.py:106} INFO - 2026-02-21 18:05:44 | INFO    | ==========
[2026-02-21T18:05:44.715+0000] {subprocess.py:106} INFO - 2026-02-21 18:05:44 | INFO    | Pipeline complete | Success: 5 | Failed: 0
[2026-02-21T18:05:44.889+0000] {subprocess.py:110} INFO - Command exited with return code 0
[2026-02-21T18:05:44.916+0000] {taskinstance.py:340} INFO - ::group::Post task execution logs
[2026-02-21T18:05:44.919+0000] {taskinstance.py:352} INFO - Marking task as SUCCESS. dag_id=stock_market_pipeline, task_id=ingest_stock_data, run_id=manual__2026-02-21T18:04:19.974208+00:00, execution_date=20260221T180419, start_date=20260221T180420, end_date=20260221T180544
[2026-02-21T18:05:44.958+0000] {local_task_job_runner.py:266} INFO - Task exited with return code 0
[2026-02-21T18:05:44.994+0000] {taskinstance.py:3895} INFO - 1 downstream tasks scheduled from follow-on schedule check
[2026-02-21T18:05:44.998+0000] {local_task_job_runner.py:245} INFO - ::endgroup::
